<?xml version="1.0" encoding="UTF-8"?>
<testsuite xmlns:xsi="http://www.w3.org/2001/XMLSchema-instance" xsi:noNamespaceSchemaLocation="https://maven.apache.org/surefire/maven-surefire-plugin/xsd/surefire-test-report-3.0.xsd" version="3.0" name="com.example.CalcTest" time="0.059" tests="5" errors="0" skipped="0" failures="0">
  <properties>
[...]
</properties>
  <testcase name="dividir_ok" classname="com.example.CalcTest" time="0.024"/>
  <testcase name="subtrair_ok" classname="com.example.CalcTest" time="0.001"/>
  <testcase name="dividir_porZero_erro" classname="com.example.CalcTest" time="0.002"/>
  <testcase name="multiplicar_ok" classname="com.example.CalcTest" time="0.002"/>
  <testcase name="somar_ok" classname="com.example.CalcTest" time="0.001"/>
</testsuite>